<?xml version="1.0" encoding="UTF-8"?>
<!-- Generated by org.testng.reporters.JUnitReportReporter -->
<testsuite hostname="LAPTOP-RGUG7RA7" failures="0" tests="4" name="BesantOCT.seleniumtest.pom_login_Test" time="10.599" errors="0" timestamp="2024-12-05T18:32:26 IST" skipped="0">
  <testcase classname="BesantOCT.seleniumtest.pom_login_Test" name="invalidLoginTest" time="2.798"/>
  <testcase classname="BesantOCT.seleniumtest.pom_login_Test" name="emptyLogin" time="2.855"/>
  <testcase classname="BesantOCT.seleniumtest.pom_login_Test" name="validloginTest" time="2.931"/>
  <testcase classname="BesantOCT.seleniumtest.pom_login_Test" name="titleTest" time="2.015"/>
</testsuite> <!-- BesantOCT.seleniumtest.pom_login_Test -->
