<?xml version="1.0" encoding="UTF-8"?>
<!-- Generated by org.testng.reporters.JUnitReportReporter -->
<testsuite hostname="LAPTOP-RGUG7RA7" failures="0" tests="4" name="BesantOCT.seleniumtest.TestNG_session" time="0.016" errors="0" timestamp="2024-11-19T20:10:32 IST" skipped="0">
  <testcase classname="BesantOCT.seleniumtest.TestNG_session" name="productTest" time="0.002"/>
  <testcase classname="BesantOCT.seleniumtest.TestNG_session" name="cartTest" time="0.006"/>
  <testcase classname="BesantOCT.seleniumtest.TestNG_session" name="homePageTest" time="0.004"/>
  <testcase classname="BesantOCT.seleniumtest.TestNG_session" name="loginTest" time="0.004"/>
</testsuite> <!-- BesantOCT.seleniumtest.TestNG_session -->
