<?xml version="1.0" encoding="UTF-8"?>
<!-- Generated by org.testng.reporters.JUnitReportReporter -->
<testsuite hostname="LAPTOP-RGUG7RA7" failures="0" tests="4" name="BesantOCT.seleniumtest.testng" time="0.013" errors="0" timestamp="2024-11-19T20:16:59 IST" skipped="0">
  <testcase classname="BesantOCT.seleniumtest.testng" name="loginTest" time="0.006"/>
  <testcase classname="BesantOCT.seleniumtest.testng" name="cartTest" time="0.003"/>
  <testcase classname="BesantOCT.seleniumtest.testng" name="homePageTest" time="0.002"/>
  <testcase classname="BesantOCT.seleniumtest.testng" name="productTest" time="0.002"/>
</testsuite> <!-- BesantOCT.seleniumtest.testng -->
