<?xml version="1.0" encoding="UTF-8"?>
<!-- Generated by org.testng.reporters.JUnitReportReporter -->
<testsuite hostname="LAPTOP-RGUG7RA7" failures="0" tests="2" name="BesantOCT.seleniumtest.Grouping" time="0.009" errors="0" timestamp="2024-11-20T09:48:52 IST" skipped="0">
  <testcase classname="BesantOCT.seleniumtest.Grouping" name="test3" time="0.001"/>
  <testcase classname="BesantOCT.seleniumtest.Grouping" name="test1" time="0.008"/>
</testsuite> <!-- BesantOCT.seleniumtest.Grouping -->
