<?xml version="1.0" encoding="UTF-8"?>
<!-- Generated by org.testng.reporters.JUnitReportReporter -->
<testsuite hostname="LAPTOP-RGUG7RA7" failures="0" tests="3" name="BesantOCT.seleniumtest.TestNG_Parameterized" time="0.018" errors="0" timestamp="2024-11-21T08:34:50 IST" skipped="0">
  <testcase classname="BesantOCT.seleniumtest.TestNG_Parameterized" name="test3" time="0.001"/>
  <testcase classname="BesantOCT.seleniumtest.TestNG_Parameterized" name="test2" time="0.004"/>
  <testcase classname="BesantOCT.seleniumtest.TestNG_Parameterized" name="test1" time="0.013"/>
</testsuite> <!-- BesantOCT.seleniumtest.TestNG_Parameterized -->
