<?xml version="1.0" encoding="UTF-8"?>
<!-- Generated by org.testng.reporters.JUnitReportReporter -->
<testsuite hostname="LAPTOP-RGUG7RA7" failures="0" tests="3" name="BesantOCT.seleniumtest.TestNG_Enable_Disable" time="0.010" errors="0" timestamp="2024-11-26T17:05:57 IST" skipped="1">
  <testcase classname="BesantOCT.seleniumtest.TestNG_Enable_Disable" name="test1" time="0.008"/>
  <testcase classname="BesantOCT.seleniumtest.TestNG_Enable_Disable" name="test2" time="0.002"/>
  <testcase classname="BesantOCT.seleniumtest.TestNG_Enable_Disable" name="test3">
    <skipped/>
  </testcase> <!-- test3 -->
</testsuite> <!-- BesantOCT.seleniumtest.TestNG_Enable_Disable -->
