<?xml version="1.0" encoding="UTF-8"?>
<!-- Generated by org.testng.reporters.JUnitReportReporter -->
<testsuite hostname="LAPTOP-RGUG7RA7" failures="0" tests="4" name="BesantOCT.seleniumtest.TestNG_DataProvider" time="8.588" errors="0" timestamp="2024-12-02T20:24:07 IST" skipped="0">
  <testcase classname="BesantOCT.seleniumtest.TestNG_DataProvider" name="LoginTest" time="2.648"/>
  <testcase classname="BesantOCT.seleniumtest.TestNG_DataProvider" name="LoginTest" time="2.007"/>
  <testcase classname="BesantOCT.seleniumtest.TestNG_DataProvider" name="LoginTest" time="2.012"/>
  <testcase classname="BesantOCT.seleniumtest.TestNG_DataProvider" name="LoginTest" time="1.921"/>
</testsuite> <!-- BesantOCT.seleniumtest.TestNG_DataProvider -->
