<?xml version="1.0" encoding="UTF-8"?>
<!-- Generated by org.testng.reporters.JUnitReportReporter -->
<testsuite hostname="LAPTOP-RGUG7RA7" failures="0" tests="3" name="BesantOCT.seleniumtest.testNG_example$TestNG4" time="7.656" errors="0" timestamp="2024-11-26T17:53:10 IST" skipped="0">
  <testcase classname="BesantOCT.seleniumtest.testNG_example$TestNG4" name="validLogin" time="2.923"/>
  <testcase classname="BesantOCT.seleniumtest.testNG_example$TestNG4" name="invalidUserNameLogin" time="2.483"/>
  <testcase classname="BesantOCT.seleniumtest.testNG_example$TestNG4" name="invalidPasswordLogin" time="2.250"/>
</testsuite> <!-- BesantOCT.seleniumtest.testNG_example$TestNG4 -->
