<?xml version="1.0" encoding="UTF-8"?>
<!-- Generated by org.testng.reporters.JUnitReportReporter -->
<testsuite hostname="LAPTOP-RGUG7RA7" failures="0" tests="3" name="TestNG.Selenium_Grouping" time="0.012" errors="0" timestamp="2024-11-20T18:37:08 IST" skipped="0">
  <testcase classname="TestNG.Selenium_Grouping" name="test3" time="0.002"/>
  <testcase classname="TestNG.Selenium_Grouping" name="test2" time="0.002"/>
  <testcase classname="TestNG.Selenium_Grouping" name="test1" time="0.008"/>
</testsuite> <!-- TestNG.Selenium_Grouping -->
