<?xml version="1.0" encoding="UTF-8"?>
<!-- Generated by org.testng.reporters.JUnitReportReporter -->
<testsuite hostname="LAPTOP-RGUG7RA7" failures="0" tests="3" name="BesantOCT.seleniumtest.TestNG_Dependencies_Priority" time="0.010" errors="0" timestamp="2024-11-20T19:17:53 IST" skipped="0">
  <testcase classname="BesantOCT.seleniumtest.TestNG_Dependencies_Priority" name="test2" time="0.001"/>
  <testcase classname="BesantOCT.seleniumtest.TestNG_Dependencies_Priority" name="test1" time="0.008"/>
  <testcase classname="BesantOCT.seleniumtest.TestNG_Dependencies_Priority" name="test3" time="0.001"/>
</testsuite> <!-- BesantOCT.seleniumtest.TestNG_Dependencies_Priority -->
