<?xml version="1.0" encoding="UTF-8"?>
<!-- Generated by org.testng.reporters.JUnitReportReporter -->
<testsuite hostname="LAPTOP-RGUG7RA7" failures="0" tests="3" name="BesantOCT.seleniumtest.testNG_example" time="7.077" errors="0" timestamp="2024-11-26T17:46:11 IST" skipped="0">
  <testcase classname="BesantOCT.seleniumtest.testNG_example" name="invalidUserNameLogin" time="1.934"/>
  <testcase classname="BesantOCT.seleniumtest.testNG_example" name="invalidPasswordLogin" time="3.113"/>
  <testcase classname="BesantOCT.seleniumtest.testNG_example" name="validLogin" time="2.030"/>
</testsuite> <!-- BesantOCT.seleniumtest.testNG_example -->
