<?xml version="1.0" encoding="UTF-8"?>
<!-- Generated by org.testng.reporters.JUnitReportReporter -->
<testsuite hostname="LAPTOP-RGUG7RA7" failures="0" tests="3" name="BesantOCT.seleniumtest.TestNG_DataDRiven" time="8.265" errors="0" timestamp="2024-11-26T17:04:43 IST" skipped="0">
  <testcase classname="BesantOCT.seleniumtest.TestNG_DataDRiven" name="invalidPasswordLogin" time="1.926"/>
  <testcase classname="BesantOCT.seleniumtest.TestNG_DataDRiven" name="validLogin" time="2.398"/>
  <testcase classname="BesantOCT.seleniumtest.TestNG_DataDRiven" name="invalidUserNameLogin" time="3.941"/>
</testsuite> <!-- BesantOCT.seleniumtest.TestNG_DataDRiven -->
